# JRE version: OpenJDK Runtime Environment (21.0.6) (build 21.0.6+-13368085-b895.109)
# Java VM: OpenJDK 64-Bit Server VM (21.0.6+-13368085-b895.109, mixed mode, tiered, compressed oops, compressed class ptrs, g1 gc, windows-amd64)
GC Precious Log:
 CardTable entry size: 512
 Card Set container configuration: InlinePtr #cards 4 size 8 Array Of Cards #cards 32 size 80 Howl #buckets 8 coarsen threshold 7372 Howl Bitmap #cards 1024 size 144 coarsen threshold 921 Card regions per heap region 1 cards per card region 8192
 CPUs: 12 total, 12 available
 Memory: 7863M
 Large Page Support: Disabled
 NUMA Support: Disabled
 Compressed Oops: Enabled (Zero based)
 Heap Region Size: 4M
 Heap Min Capacity: 8M
 Heap Initial Capacity: 124M
 Heap Max Capacity: 8G
 Pre-touch: Disabled
 Parallel Workers: 10
 Concurrent Workers: 3
 Concurrent Refinement Workers: 10
 Periodic GC: Disabled
Heap:
 garbage-first heap   total 143360K, used 84793K [0x0000000600000000, 0x0000000800000000)
  region size 4096K, 2 young (8192K), 2 survivors (8192K)
 Metaspace       used 125002K, committed 127168K, reserved 1179648K
  class space    used 15881K, committed 16960K, reserved 1048576K
GC Heap History (20 events):
Event: 26.607 GC heap after
{Heap after GC invocations=17 (full 0):
 garbage-first heap   total 139264K, used 61790K [0x0000000600000000, 0x0000000800000000)
  region size 4096K, 2 young (8192K), 2 survivors (8192K)
 Metaspace       used 76663K, committed 77952K, reserved 1179648K
  class space    used 9960K, committed 10560K, reserved 1048576K
}
Event: 27.654 GC heap before
{Heap before GC invocations=17 (full 0):
 garbage-first heap   total 139264K, used 115038K [0x0000000600000000, 0x0000000800000000)
  region size 4096K, 15 young (61440K), 2 survivors (8192K)
 Metaspace       used 83618K, committed 85056K, reserved 1179648K
  class space    used 10863K, committed 11584K, reserved 1048576K
}
Event: 27.659 GC heap after
{Heap after GC invocations=18 (full 0):
 garbage-first heap   total 139264K, used 64327K [0x0000000600000000, 0x0000000800000000)
  region size 4096K, 1 young (4096K), 1 survivors (4096K)
 Metaspace       used 83618K, committed 85056K, reserved 1179648K
  class space    used 10863K, committed 11584K, reserved 1048576K
}
Event: 28.523 GC heap before
{Heap before GC invocations=18 (full 0):
 garbage-first heap   total 139264K, used 121671K [0x0000000600000000, 0x0000000800000000)
  region size 4096K, 15 young (61440K), 1 survivors (4096K)
 Metaspace       used 87818K, committed 89216K, reserved 1179648K
  class space    used 11352K, committed 12032K, reserved 1048576K
}
Event: 28.529 GC heap after
{Heap after GC invocations=19 (full 0):
 garbage-first heap   total 139264K, used 67614K [0x0000000600000000, 0x0000000800000000)
  region size 4096K, 2 young (8192K), 2 survivors (8192K)
 Metaspace       used 87818K, committed 89216K, reserved 1179648K
  class space    used 11352K, committed 12032K, reserved 1048576K
}
Event: 29.394 GC heap before
{Heap before GC invocations=19 (full 0):
 garbage-first heap   total 139264K, used 116766K [0x0000000600000000, 0x0000000800000000)
  region size 4096K, 14 young (57344K), 2 survivors (8192K)
 Metaspace       used 91271K, committed 92800K, reserved 1179648K
  class space    used 11741K, committed 12480K, reserved 1048576K
}
Event: 29.401 GC heap after
{Heap after GC invocations=20 (full 0):
 garbage-first heap   total 139264K, used 71456K [0x0000000600000000, 0x0000000800000000)
  region size 4096K, 2 young (8192K), 2 survivors (8192K)
 Metaspace       used 91271K, committed 92800K, reserved 1179648K
  class space    used 11741K, committed 12480K, reserved 1048576K
}
Event: 30.524 GC heap before
{Heap before GC invocations=20 (full 0):
 garbage-first heap   total 139264K, used 116512K [0x0000000600000000, 0x0000000800000000)
  region size 4096K, 13 young (53248K), 2 survivors (8192K)
 Metaspace       used 96219K, committed 97664K, reserved 1179648K
  class space    used 12238K, committed 12928K, reserved 1048576K
}
Event: 30.532 GC heap after
{Heap after GC invocations=21 (full 0):
 garbage-first heap   total 139264K, used 76000K [0x0000000600000000, 0x0000000800000000)
  region size 4096K, 2 young (8192K), 2 survivors (8192K)
 Metaspace       used 96219K, committed 97664K, reserved 1179648K
  class space    used 12238K, committed 12928K, reserved 1048576K
}
Event: 31.335 GC heap before
{Heap before GC invocations=22 (full 0):
 garbage-first heap   total 139264K, used 116960K [0x0000000600000000, 0x0000000800000000)
  region size 4096K, 12 young (49152K), 2 survivors (8192K)
 Metaspace       used 102243K, committed 103744K, reserved 1179648K
  class space    used 12960K, committed 13696K, reserved 1048576K
}
Event: 31.342 GC heap after
{Heap after GC invocations=23 (full 0):
 garbage-first heap   total 139264K, used 77788K [0x0000000600000000, 0x0000000800000000)
  region size 4096K, 1 young (4096K), 1 survivors (4096K)
 Metaspace       used 102243K, committed 103744K, reserved 1179648K
  class space    used 12960K, committed 13696K, reserved 1048576K
}
Event: 32.224 GC heap before
{Heap before GC invocations=23 (full 0):
 garbage-first heap   total 139264K, used 114652K [0x0000000600000000, 0x0000000800000000)
  region size 4096K, 11 young (45056K), 1 survivors (4096K)
 Metaspace       used 109323K, committed 110848K, reserved 1179648K
  class space    used 13537K, committed 14272K, reserved 1048576K
}
Event: 32.230 GC heap after
{Heap after GC invocations=24 (full 0):
 garbage-first heap   total 139264K, used 78768K [0x0000000600000000, 0x0000000800000000)
  region size 4096K, 1 young (4096K), 1 survivors (4096K)
 Metaspace       used 109323K, committed 110848K, reserved 1179648K
  class space    used 13537K, committed 14272K, reserved 1048576K
}
Event: 33.536 GC heap before
{Heap before GC invocations=24 (full 0):
 garbage-first heap   total 139264K, used 115632K [0x0000000600000000, 0x0000000800000000)
  region size 4096K, 11 young (45056K), 1 survivors (4096K)
 Metaspace       used 115153K, committed 116864K, reserved 1179648K
  class space    used 14242K, committed 15104K, reserved 1048576K
}
Event: 33.541 GC heap after
{Heap after GC invocations=25 (full 0):
 garbage-first heap   total 139264K, used 80534K [0x0000000600000000, 0x0000000800000000)
  region size 4096K, 2 young (8192K), 2 survivors (8192K)
 Metaspace       used 115153K, committed 116864K, reserved 1179648K
  class space    used 14242K, committed 15104K, reserved 1048576K
}
Event: 34.267 GC heap before
{Heap before GC invocations=26 (full 0):
 garbage-first heap   total 143360K, used 113302K [0x0000000600000000, 0x0000000800000000)
  region size 4096K, 10 young (40960K), 2 survivors (8192K)
 Metaspace       used 118982K, committed 120960K, reserved 1179648K
  class space    used 14880K, committed 15872K, reserved 1048576K
}
Event: 34.273 GC heap after
{Heap after GC invocations=27 (full 0):
 garbage-first heap   total 143360K, used 82205K [0x0000000600000000, 0x0000000800000000)
  region size 4096K, 2 young (8192K), 2 survivors (8192K)
 Metaspace       used 118982K, committed 120960K, reserved 1179648K
  class space    used 14880K, committed 15872K, reserved 1048576K
}
Event: 34.871 GC heap before
{Heap before GC invocations=27 (full 0):
 garbage-first heap   total 143360K, used 119069K [0x0000000600000000, 0x0000000800000000)
  region size 4096K, 11 young (45056K), 2 survivors (8192K)
 Metaspace       used 121156K, committed 123200K, reserved 1179648K
  class space    used 15230K, committed 16256K, reserved 1048576K
}
Event: 34.879 GC heap after
{Heap after GC invocations=28 (full 0):
 garbage-first heap   total 143360K, used 82631K [0x0000000600000000, 0x0000000800000000)
  region size 4096K, 2 young (8192K), 2 survivors (8192K)
 Metaspace       used 121156K, committed 123200K, reserved 1179648K
  class space    used 15230K, committed 16256K, reserved 1048576K
}
Event: 35.854 GC heap before
{Heap before GC invocations=28 (full 0):
 garbage-first heap   total 143360K, used 119495K [0x0000000600000000, 0x0000000800000000)
  region size 4096K, 11 young (45056K), 2 survivors (8192K)
 Metaspace       used 125002K, committed 127168K, reserved 1179648K
  class space    used 15881K, committed 16960K, reserved 1048576K
}

